<?xml version="1.0" encoding="UTF-8"?>
<!-- Generated by org.testng.reporters.JUnitXMLReporter -->
<testsuite ignored="0" hostname="Sibu-PC" failures="0" tests="6" name="Default test" time="40.955" errors="0" timestamp="2020-08-19T20:25:40 IST">
  <testcase classname="com.test.GoogleTest" name="googleTitleTest" time="0.026"/>
  <testcase classname="com.test.GoogleTest" name="mailLinkTest" time="0.143"/>
  <testcase classname="com.test.GoogleTest" name="googleLogoTest" time="0.105"/>
  <testcase classname="com.test.GoogleTest" name="test1" time="0.004"/>
  <testcase classname="com.test.GoogleTest" name="test2" time="0.001"/>
  <testcase classname="com.test.GoogleTest" name="test3" time="0.003"/>
</testsuite> <!-- Default test -->
