<?xml version="1.0" encoding="UTF-8"?>
<testng-results ignored="0" total="6" passed="6" failed="0" skipped="0">
  <reporter-output>
  </reporter-output>
  <suite started-at="2020-08-19T20:24:59 IST" name="Default suite" finished-at="2020-08-19T20:25:39 IST" duration-ms="40955">
    <groups>
      <group name="Link Test">
        <method signature="GoogleTest.mailLinkTest()[pri:2, instance:com.test.GoogleTest@60015ef5]" name="mailLinkTest" class="com.test.GoogleTest"/>
      </group> <!-- Link Test -->
      <group name="Test">
        <method signature="GoogleTest.test1()[pri:4, instance:com.test.GoogleTest@60015ef5]" name="test1" class="com.test.GoogleTest"/>
        <method signature="GoogleTest.test2()[pri:5, instance:com.test.GoogleTest@60015ef5]" name="test2" class="com.test.GoogleTest"/>
        <method signature="GoogleTest.test3()[pri:6, instance:com.test.GoogleTest@60015ef5]" name="test3" class="com.test.GoogleTest"/>
      </group> <!-- Test -->
      <group name="Title">
        <method signature="GoogleTest.googleTitleTest()[pri:1, instance:com.test.GoogleTest@60015ef5]" name="googleTitleTest" class="com.test.GoogleTest"/>
      </group> <!-- Title -->
      <group name="Logo">
        <method signature="GoogleTest.googleLogoTest()[pri:3, instance:com.test.GoogleTest@60015ef5]" name="googleLogoTest" class="com.test.GoogleTest"/>
      </group> <!-- Logo -->
    </groups>
    <test started-at="2020-08-19T20:24:59 IST" name="Default test" finished-at="2020-08-19T20:25:39 IST" duration-ms="40955">
      <class name="com.test.GoogleTest">
        <test-method is-config="true" signature="setUp()[pri:0, instance:com.test.GoogleTest@60015ef5]" started-at="2020-08-19T20:24:59 IST" name="setUp" finished-at="2020-08-19T20:25:05 IST" duration-ms="6888" status="PASS">
          <reporter-output>
          </reporter-output>
        </test-method> <!-- setUp -->
        <test-method signature="googleTitleTest()[pri:1, instance:com.test.GoogleTest@60015ef5]" started-at="2020-08-19T20:25:05 IST" name="googleTitleTest" finished-at="2020-08-19T20:25:05 IST" duration-ms="26" status="PASS">
          <reporter-output>
          </reporter-output>
        </test-method> <!-- googleTitleTest -->
        <test-method is-config="true" signature="tearDown()[pri:0, instance:com.test.GoogleTest@60015ef5]" started-at="2020-08-19T20:25:05 IST" name="tearDown" finished-at="2020-08-19T20:25:06 IST" duration-ms="741" status="PASS">
          <reporter-output>
          </reporter-output>
        </test-method> <!-- tearDown -->
        <test-method is-config="true" signature="setUp()[pri:0, instance:com.test.GoogleTest@60015ef5]" started-at="2020-08-19T20:25:06 IST" name="setUp" finished-at="2020-08-19T20:25:12 IST" duration-ms="5626" status="PASS">
          <reporter-output>
          </reporter-output>
        </test-method> <!-- setUp -->
        <test-method signature="mailLinkTest()[pri:2, instance:com.test.GoogleTest@60015ef5]" started-at="2020-08-19T20:25:12 IST" name="mailLinkTest" finished-at="2020-08-19T20:25:12 IST" duration-ms="143" status="PASS">
          <reporter-output>
          </reporter-output>
        </test-method> <!-- mailLinkTest -->
        <test-method is-config="true" signature="tearDown()[pri:0, instance:com.test.GoogleTest@60015ef5]" started-at="2020-08-19T20:25:12 IST" name="tearDown" finished-at="2020-08-19T20:25:13 IST" duration-ms="715" status="PASS">
          <reporter-output>
          </reporter-output>
        </test-method> <!-- tearDown -->
        <test-method is-config="true" signature="setUp()[pri:0, instance:com.test.GoogleTest@60015ef5]" started-at="2020-08-19T20:25:13 IST" name="setUp" finished-at="2020-08-19T20:25:18 IST" duration-ms="5518" status="PASS">
          <reporter-output>
          </reporter-output>
        </test-method> <!-- setUp -->
        <test-method signature="googleLogoTest()[pri:3, instance:com.test.GoogleTest@60015ef5]" started-at="2020-08-19T20:25:18 IST" name="googleLogoTest" finished-at="2020-08-19T20:25:18 IST" duration-ms="105" status="PASS">
          <reporter-output>
          </reporter-output>
        </test-method> <!-- googleLogoTest -->
        <test-method is-config="true" signature="tearDown()[pri:0, instance:com.test.GoogleTest@60015ef5]" started-at="2020-08-19T20:25:18 IST" name="tearDown" finished-at="2020-08-19T20:25:19 IST" duration-ms="764" status="PASS">
          <reporter-output>
          </reporter-output>
        </test-method> <!-- tearDown -->
        <test-method is-config="true" signature="setUp()[pri:0, instance:com.test.GoogleTest@60015ef5]" started-at="2020-08-19T20:25:19 IST" name="setUp" finished-at="2020-08-19T20:25:25 IST" duration-ms="6345" status="PASS">
          <reporter-output>
          </reporter-output>
        </test-method> <!-- setUp -->
        <test-method signature="test1()[pri:4, instance:com.test.GoogleTest@60015ef5]" started-at="2020-08-19T20:25:25 IST" name="test1" finished-at="2020-08-19T20:25:25 IST" duration-ms="4" status="PASS">
          <reporter-output>
          </reporter-output>
        </test-method> <!-- test1 -->
        <test-method is-config="true" signature="tearDown()[pri:0, instance:com.test.GoogleTest@60015ef5]" started-at="2020-08-19T20:25:25 IST" name="tearDown" finished-at="2020-08-19T20:25:26 IST" duration-ms="929" status="PASS">
          <reporter-output>
          </reporter-output>
        </test-method> <!-- tearDown -->
        <test-method is-config="true" signature="setUp()[pri:0, instance:com.test.GoogleTest@60015ef5]" started-at="2020-08-19T20:25:26 IST" name="setUp" finished-at="2020-08-19T20:25:32 IST" duration-ms="5459" status="PASS">
          <reporter-output>
          </reporter-output>
        </test-method> <!-- setUp -->
        <test-method signature="test2()[pri:5, instance:com.test.GoogleTest@60015ef5]" started-at="2020-08-19T20:25:32 IST" name="test2" finished-at="2020-08-19T20:25:32 IST" duration-ms="1" status="PASS">
          <reporter-output>
          </reporter-output>
        </test-method> <!-- test2 -->
        <test-method is-config="true" signature="tearDown()[pri:0, instance:com.test.GoogleTest@60015ef5]" started-at="2020-08-19T20:25:32 IST" name="tearDown" finished-at="2020-08-19T20:25:33 IST" duration-ms="747" status="PASS">
          <reporter-output>
          </reporter-output>
        </test-method> <!-- tearDown -->
        <test-method is-config="true" signature="setUp()[pri:0, instance:com.test.GoogleTest@60015ef5]" started-at="2020-08-19T20:25:33 IST" name="setUp" finished-at="2020-08-19T20:25:39 IST" duration-ms="6105" status="PASS">
          <reporter-output>
          </reporter-output>
        </test-method> <!-- setUp -->
        <test-method signature="test3()[pri:6, instance:com.test.GoogleTest@60015ef5]" started-at="2020-08-19T20:25:39 IST" name="test3" finished-at="2020-08-19T20:25:39 IST" duration-ms="3" status="PASS">
          <reporter-output>
          </reporter-output>
        </test-method> <!-- test3 -->
        <test-method is-config="true" signature="tearDown()[pri:0, instance:com.test.GoogleTest@60015ef5]" started-at="2020-08-19T20:25:39 IST" name="tearDown" finished-at="2020-08-19T20:25:39 IST" duration-ms="773" status="PASS">
          <reporter-output>
          </reporter-output>
        </test-method> <!-- tearDown -->
      </class> <!-- com.test.GoogleTest -->
    </test> <!-- Default test -->
  </suite> <!-- Default suite -->
</testng-results>
